1 1 1 1 0.774606
1 1 2 1 0.230404
1 1 2 2 0.606205
1 1 3 1 0.333115
1 1 3 2 0.136689
1 1 3 3 0.351116
1 1 4 4 0.334496
1 1 5 5 0.334496
1 1 6 1 0.363087
1 1 6 2 0.0326958
1 1 6 3 0.0993721
1 1 6 6 0.384803
2 1 1 1 0.230404
2 1 2 1 0.114966
2 1 2 2 0.398053
2 1 3 1 0.109281
2 1 3 2 0.0730792
2 1 3 3 0.13059
2 1 4 4 0.129531
2 1 5 5 0.129531
2 1 6 1 0.101028
2 1 6 2 0.00783645
2 1 6 3 0.0123668
2 1 6 6 0.132709
2 2 1 1 0.606205
2 2 2 1 0.398053
2 2 2 2 1.6804
2 2 3 1 0.308497
2 2 3 2 0.26542
2 2 3 3 0.397727
2 2 4 4 0.39664
2 2 5 5 0.39664
2 2 6 1 0.253775
2 2 6 6 0.39664
3 1 1 1 0.333115
3 1 2 1 0.109281
3 1 2 2 0.308497
3 1 3 1 0.158364
3 1 3 2 0.0699531
3 1 3 3 0.190849
3 1 4 4 0.186744
3 1 5 5 0.186744
3 1 6 1 0.159543
3 1 6 2 0.00998515
3 1 6 3 0.0364066
3 1 6 6 0.199123
3 2 1 1 0.136689
3 2 2 1 0.0730792
3 2 2 2 0.26542
3 2 3 1 0.0699531
3 2 3 2 0.0499415
3 2 3 3 0.0928601
3 2 4 4 0.0928804
3 2 5 5 0.0928804
3 2 6 1 0.0587476
3 2 6 6 0.0928804
3 3 1 1 0.351116
3 3 2 1 0.13059
3 3 2 2 0.397727
3 3 3 1 0.190849
3 3 3 2 0.0928601
3 3 3 3 0.290562
3 3 4 4 0.290497
3 3 5 5 0.290497
3 3 6 1 0.166033
3 3 6 6 0.290497
4 1 4 1 0.0222986
4 1 4 2 0.00967562
4 1 4 3 0.0316473
4 1 6 4 0.00761524
4 2 4 1 0.00967562
4 2 4 2 0.00898132
4 2 4 3 0.0137883
4 3 4 1 0.0316473
4 3 4 2 0.0137883
4 3 4 3 0.0641843
4 4 1 1 0.334496
4 4 2 1 0.129531
4 4 2 2 0.39664
4 4 3 1 0.186744
4 4 3 2 0.0928804
4 4 3 3 0.290497
4 4 4 4 0.312946
4 4 5 5 0.279207
4 4 6 1 0.157796
4 4 6 6 0.279207
5 1 5 1 0.0222986
5 1 5 2 0.00967562
5 1 5 3 0.0316473
5 1 6 5 0.00761524
5 2 5 1 0.00967562
5 2 5 2 0.00898132
5 2 5 3 0.0137883
5 3 5 1 0.0316473
5 3 5 2 0.0137883
5 3 5 3 0.0641843
5 4 5 4 0.0168691
5 5 1 1 0.334496
5 5 2 1 0.129531
5 5 2 2 0.39664
5 5 3 1 0.186744
5 5 3 2 0.0928804
5 5 3 3 0.290497
5 5 4 4 0.279207
5 5 5 5 0.312946
5 5 6 1 0.157796
5 5 6 6 0.279207
6 1 1 1 0.363087
6 1 2 1 0.101028
6 1 2 2 0.253775
6 1 3 1 0.159543
6 1 3 2 0.0587476
6 1 3 3 0.166033
6 1 4 4 0.157796
6 1 5 5 0.157796
6 1 6 1 0.177713
6 1 6 2 0.0173061
6 1 6 3 0.0599463
6 1 6 6 0.182553
6 2 1 1 0.0326958
6 2 2 1 0.00783645
6 2 3 1 0.00998515
6 2 6 1 0.0173061
6 2 6 2 0.00898132
6 2 6 3 0.0137883
6 3 1 1 0.0993721
6 3 2 1 0.0123668
6 3 3 1 0.0364066
6 3 6 1 0.0599463
6 3 6 2 0.0137883
6 3 6 3 0.0641843
6 4 4 1 0.00761524
6 4 6 4 0.0168691
6 5 5 1 0.00761524
6 5 6 5 0.0168691
6 6 1 1 0.384803
6 6 2 1 0.132709
6 6 2 2 0.39664
6 6 3 1 0.199123
6 6 3 2 0.0928804
6 6 3 3 0.290497
6 6 4 4 0.279207
6 6 5 5 0.279207
6 6 6 1 0.182553
6 6 6 6 0.312946
